生成启动时间为 2014/4/9 21:26:35。
     1>项目“C:\Users\Flint\documents\visual studio 2012\Projects\DES_crypt\DES_crypt\DES_crypt.vcxproj”在节点 2 上(Build 个目标)。
     1>InitializeBuildStatus:
         正在创建“Debug\DES_crypt.unsuccessfulbuild”，因为已指定“AlwaysCreate”。
       ClCompile:
         D:\Program Files\Microsoft Visual Studio 11.0\VC\bin\CL.exe /c /ZI /nologo /W3 /WX- /Od /Oy- /D WIN32 /D _DEBUG /D _CONSOLE /D _UNICODE /D UNICODE /Gm /EHsc /RTC1 /MDd /GS /fp:precise /Zc:wchar_t /Zc:forScope /Fo"Debug\\" /Fd"Debug\vc110.pdb" /Gd /TP /analyze- /errorReport:prompt DES_crypt.cpp
         DES_crypt.cpp
     1>c:\users\flint\documents\visual studio 2012\projects\des_crypt\des_crypt\des_crypt.cpp(531): warning C4800: “int”: 将值强制为布尔值“true”或“false”(性能警告)
     1>c:\users\flint\documents\visual studio 2012\projects\des_crypt\des_crypt\des_crypt.cpp(532): warning C4800: “int”: 将值强制为布尔值“true”或“false”(性能警告)
     1>c:\users\flint\documents\visual studio 2012\projects\des_crypt\des_crypt\des_crypt.cpp(546): warning C4800: “int”: 将值强制为布尔值“true”或“false”(性能警告)
     1>c:\users\flint\documents\visual studio 2012\projects\des_crypt\des_crypt\des_crypt.cpp(547): warning C4800: “int”: 将值强制为布尔值“true”或“false”(性能警告)
     1>c:\users\flint\documents\visual studio 2012\projects\des_crypt\des_crypt\des_crypt.cpp(575): warning C4800: “int”: 将值强制为布尔值“true”或“false”(性能警告)
     1>c:\users\flint\documents\visual studio 2012\projects\des_crypt\des_crypt\des_crypt.cpp(576): warning C4800: “int”: 将值强制为布尔值“true”或“false”(性能警告)
     1>c:\users\flint\documents\visual studio 2012\projects\des_crypt\des_crypt\des_crypt.cpp(590): warning C4800: “int”: 将值强制为布尔值“true”或“false”(性能警告)
     1>c:\users\flint\documents\visual studio 2012\projects\des_crypt\des_crypt\des_crypt.cpp(591): warning C4800: “int”: 将值强制为布尔值“true”或“false”(性能警告)
       Link:
         D:\Program Files\Microsoft Visual Studio 11.0\VC\bin\link.exe /ERRORREPORT:PROMPT /OUT:"C:\Users\Flint\documents\visual studio 2012\Projects\DES_crypt\Debug\DES_crypt.exe" /INCREMENTAL /NOLOGO kernel32.lib user32.lib gdi32.lib winspool.lib comdlg32.lib advapi32.lib shell32.lib ole32.lib oleaut32.lib uuid.lib odbc32.lib odbccp32.lib /MANIFEST /MANIFESTUAC:"level='asInvoker' uiAccess='false'" /manifest:embed /DEBUG /PDB:"C:\Users\Flint\documents\visual studio 2012\Projects\DES_crypt\Debug\DES_crypt.pdb" /SUBSYSTEM:CONSOLE /TLBID:1 /DYNAMICBASE /NXCOMPAT /IMPLIB:"C:\Users\Flint\documents\visual studio 2012\Projects\DES_crypt\Debug\DES_crypt.lib" /MACHINE:X86 Debug\DES_crypt.obj
         DES_crypt.vcxproj -> C:\Users\Flint\documents\visual studio 2012\Projects\DES_crypt\Debug\DES_crypt.exe
       FinalizeBuildStatus:
         正在删除文件“Debug\DES_crypt.unsuccessfulbuild”。
         正在对“Debug\DES_crypt.lastbuildstate”执行 Touch 任务。
     1>已完成生成项目“C:\Users\Flint\documents\visual studio 2012\Projects\DES_crypt\DES_crypt\DES_crypt.vcxproj”(Build 个目标)的操作。

生成成功。

已用时间 00:00:01.70
